
[2026-02-05 11:36:37] Rotación de passwords
  - database rotado correctamente
  - redis rotado correctamente
  - admin_user rotado correctamente
  - api_token rotado correctamente
  - backup_key rotado correctamente

[2026-02-05 11:37:19] Rotación de passwords
  - database rotado correctamente
  - redis rotado correctamente
  - admin_user rotado correctamente
  - api_token rotado correctamente
  - backup_key rotado correctamente

[2026-02-05 11:37:21] Rotación de passwords
  - database rotado correctamente
  - redis rotado correctamente
  - admin_user rotado correctamente
  - api_token rotado correctamente
  - backup_key rotado correctamente

[2026-02-05 11:37:22] Rotación de passwords
  - database rotado correctamente
  - redis rotado correctamente
  - admin_user rotado correctamente
  - api_token rotado correctamente
  - backup_key rotado correctamente

[2026-02-05 11:37:23] Rotación de passwords
  - database rotado correctamente
  - redis rotado correctamente
  - admin_user rotado correctamente
  - api_token rotado correctamente
  - backup_key rotado correctamente

[2026-02-05 11:37:24] Rotación de passwords
  - database rotado correctamente
  - redis rotado correctamente
  - admin_user rotado correctamente
  - api_token rotado correctamente
  - backup_key rotado correctamente

[2026-02-05 11:37:25] Rotación de passwords
  - database rotado correctamente
  - redis rotado correctamente
  - admin_user rotado correctamente
  - api_token rotado correctamente
  - backup_key rotado correctamente

[2026-02-05 11:37:26] Rotación de passwords
  - database rotado correctamente
  - redis rotado correctamente
  - admin_user rotado correctamente
  - api_token rotado correctamente
  - backup_key rotado correctamente

[2026-02-05 11:38:35] Rotación de passwords
  - database rotado correctamente

[2026-02-05 11:39:20] Rotación de passwords
  - database rotado correctamente

[2026-02-05 11:39:58] Rotación de passwords
  - database rotado correctamente
  - redis rotado correctamente
  - admin_user rotado correctamente
  - api_token rotado correctamente
  - backup_key rotado correctamente

[2026-02-05 11:41:20] Rotación de passwords
  - database rotado correctamente
  - redis rotado correctamente
  - admin_user rotado correctamente
  - api_token rotado correctamente
  - backup_key rotado correctamente
